[INFO  - 2017-06-21T07:35:31.109Z] GhostDriver - Main - running on port 2092
[INFO  - 2017-06-21T07:35:31.477Z] Session [346a9010-5654-11e7-80c5-b949fbdd97ce] - page.settings - {"XSSAuditingEnabled":false,"javascriptCanCloseWindows":true,"javascriptCanOpenWindows":true,"javascriptEnabled":true,"loadImages":true,"localToRemoteUrlAccessEnabled":false,"userAgent":"Mozilla/5.0 (Unknown; Linux x86_64) AppleWebKit/538.1 (KHTML, like Gecko) PhantomJS/2.1.1 Safari/538.1","webSecurityEnabled":true}
[INFO  - 2017-06-21T07:35:31.477Z] Session [346a9010-5654-11e7-80c5-b949fbdd97ce] - page.customHeaders:  - {}
[INFO  - 2017-06-21T07:35:31.478Z] Session [346a9010-5654-11e7-80c5-b949fbdd97ce] - Session.negotiatedCapabilities - {"browserName":"phantomjs","version":"2.1.1","driverName":"ghostdriver","driverVersion":"1.2.0","platform":"linux-unknown-64bit","javascriptEnabled":true,"takesScreenshot":true,"handlesAlerts":false,"databaseEnabled":false,"locationContextEnabled":false,"applicationCacheEnabled":false,"browserConnectionEnabled":false,"cssSelectorsEnabled":true,"webStorageEnabled":false,"rotatable":false,"acceptSslCerts":false,"nativeEvents":true,"proxy":{"proxyType":"direct"}}
[INFO  - 2017-06-21T07:35:31.478Z] SessionManagerReqHand - _postNewSessionCommand - New Session Created: 346a9010-5654-11e7-80c5-b949fbdd97ce
[INFO  - 2017-06-21T07:35:33.152Z] ShutdownReqHand - _handle - About to shutdown
[INFO  - 2017-06-21T07:37:25.606Z] GhostDriver - Main - running on port 4812
[INFO  - 2017-06-21T07:37:25.821Z] Session [789239a0-5654-11e7-8a32-b9fe36f788cf] - page.settings - {"XSSAuditingEnabled":false,"javascriptCanCloseWindows":true,"javascriptCanOpenWindows":true,"javascriptEnabled":true,"loadImages":true,"localToRemoteUrlAccessEnabled":false,"userAgent":"Mozilla/5.0 (Unknown; Linux x86_64) AppleWebKit/538.1 (KHTML, like Gecko) PhantomJS/2.1.1 Safari/538.1","webSecurityEnabled":true}
[INFO  - 2017-06-21T07:37:25.822Z] Session [789239a0-5654-11e7-8a32-b9fe36f788cf] - page.customHeaders:  - {}
[INFO  - 2017-06-21T07:37:25.822Z] Session [789239a0-5654-11e7-8a32-b9fe36f788cf] - Session.negotiatedCapabilities - {"browserName":"phantomjs","version":"2.1.1","driverName":"ghostdriver","driverVersion":"1.2.0","platform":"linux-unknown-64bit","javascriptEnabled":true,"takesScreenshot":true,"handlesAlerts":false,"databaseEnabled":false,"locationContextEnabled":false,"applicationCacheEnabled":false,"browserConnectionEnabled":false,"cssSelectorsEnabled":true,"webStorageEnabled":false,"rotatable":false,"acceptSslCerts":false,"nativeEvents":true,"proxy":{"proxyType":"direct"}}
[INFO  - 2017-06-21T07:37:25.822Z] SessionManagerReqHand - _postNewSessionCommand - New Session Created: 789239a0-5654-11e7-8a32-b9fe36f788cf
[INFO  - 2017-06-21T07:37:27.326Z] ShutdownReqHand - _handle - About to shutdown
[INFO  - 2017-06-21T07:40:39.853Z] GhostDriver - Main - running on port 20594
[INFO  - 2017-06-21T07:40:40.067Z] Session [ec59a8f0-5654-11e7-9bcf-e5a77583f602] - page.settings - {"XSSAuditingEnabled":false,"javascriptCanCloseWindows":true,"javascriptCanOpenWindows":true,"javascriptEnabled":true,"loadImages":true,"localToRemoteUrlAccessEnabled":false,"userAgent":"Mozilla/5.0 (Unknown; Linux x86_64) AppleWebKit/538.1 (KHTML, like Gecko) PhantomJS/2.1.1 Safari/538.1","webSecurityEnabled":true}
[INFO  - 2017-06-21T07:40:40.067Z] Session [ec59a8f0-5654-11e7-9bcf-e5a77583f602] - page.customHeaders:  - {}
[INFO  - 2017-06-21T07:40:40.067Z] Session [ec59a8f0-5654-11e7-9bcf-e5a77583f602] - Session.negotiatedCapabilities - {"browserName":"phantomjs","version":"2.1.1","driverName":"ghostdriver","driverVersion":"1.2.0","platform":"linux-unknown-64bit","javascriptEnabled":true,"takesScreenshot":true,"handlesAlerts":false,"databaseEnabled":false,"locationContextEnabled":false,"applicationCacheEnabled":false,"browserConnectionEnabled":false,"cssSelectorsEnabled":true,"webStorageEnabled":false,"rotatable":false,"acceptSslCerts":false,"nativeEvents":true,"proxy":{"proxyType":"direct"}}
[INFO  - 2017-06-21T07:40:40.067Z] SessionManagerReqHand - _postNewSessionCommand - New Session Created: ec59a8f0-5654-11e7-9bcf-e5a77583f602
[INFO  - 2017-06-21T07:40:41.570Z] ShutdownReqHand - _handle - About to shutdown
[INFO  - 2017-06-21T07:42:14.952Z] GhostDriver - Main - running on port 29553
[INFO  - 2017-06-21T07:42:15.185Z] Session [250baae0-5655-11e7-92cf-173b507572c6] - page.settings - {"XSSAuditingEnabled":false,"javascriptCanCloseWindows":true,"javascriptCanOpenWindows":true,"javascriptEnabled":true,"loadImages":true,"localToRemoteUrlAccessEnabled":false,"userAgent":"Mozilla/5.0 (Unknown; Linux x86_64) AppleWebKit/538.1 (KHTML, like Gecko) PhantomJS/2.1.1 Safari/538.1","webSecurityEnabled":true}
[INFO  - 2017-06-21T07:42:15.185Z] Session [250baae0-5655-11e7-92cf-173b507572c6] - page.customHeaders:  - {}
[INFO  - 2017-06-21T07:42:15.185Z] Session [250baae0-5655-11e7-92cf-173b507572c6] - Session.negotiatedCapabilities - {"browserName":"phantomjs","version":"2.1.1","driverName":"ghostdriver","driverVersion":"1.2.0","platform":"linux-unknown-64bit","javascriptEnabled":true,"takesScreenshot":true,"handlesAlerts":false,"databaseEnabled":false,"locationContextEnabled":false,"applicationCacheEnabled":false,"browserConnectionEnabled":false,"cssSelectorsEnabled":true,"webStorageEnabled":false,"rotatable":false,"acceptSslCerts":false,"nativeEvents":true,"proxy":{"proxyType":"direct"}}
[INFO  - 2017-06-21T07:42:15.185Z] SessionManagerReqHand - _postNewSessionCommand - New Session Created: 250baae0-5655-11e7-92cf-173b507572c6
[INFO  - 2017-06-21T07:42:16.711Z] ShutdownReqHand - _handle - About to shutdown
[INFO  - 2017-06-21T07:43:11.837Z] GhostDriver - Main - running on port 9894
[INFO  - 2017-06-21T07:43:12.065Z] Session [46f2dde0-5655-11e7-aa00-b308eee86613] - page.settings - {"XSSAuditingEnabled":false,"javascriptCanCloseWindows":true,"javascriptCanOpenWindows":true,"javascriptEnabled":true,"loadImages":true,"localToRemoteUrlAccessEnabled":false,"userAgent":"Mozilla/5.0 (Unknown; Linux x86_64) AppleWebKit/538.1 (KHTML, like Gecko) PhantomJS/2.1.1 Safari/538.1","webSecurityEnabled":true}
[INFO  - 2017-06-21T07:43:12.065Z] Session [46f2dde0-5655-11e7-aa00-b308eee86613] - page.customHeaders:  - {}
[INFO  - 2017-06-21T07:43:12.066Z] Session [46f2dde0-5655-11e7-aa00-b308eee86613] - Session.negotiatedCapabilities - {"browserName":"phantomjs","version":"2.1.1","driverName":"ghostdriver","driverVersion":"1.2.0","platform":"linux-unknown-64bit","javascriptEnabled":true,"takesScreenshot":true,"handlesAlerts":false,"databaseEnabled":false,"locationContextEnabled":false,"applicationCacheEnabled":false,"browserConnectionEnabled":false,"cssSelectorsEnabled":true,"webStorageEnabled":false,"rotatable":false,"acceptSslCerts":false,"nativeEvents":true,"proxy":{"proxyType":"direct"}}
[INFO  - 2017-06-21T07:43:12.066Z] SessionManagerReqHand - _postNewSessionCommand - New Session Created: 46f2dde0-5655-11e7-aa00-b308eee86613
[INFO  - 2017-06-21T07:43:13.420Z] ShutdownReqHand - _handle - About to shutdown
[INFO  - 2017-06-21T07:44:24.419Z] GhostDriver - Main - running on port 25482
[INFO  - 2017-06-21T07:44:24.639Z] Session [7234c7c0-5655-11e7-b47c-87a7ced9d50f] - page.settings - {"XSSAuditingEnabled":false,"javascriptCanCloseWindows":true,"javascriptCanOpenWindows":true,"javascriptEnabled":true,"loadImages":true,"localToRemoteUrlAccessEnabled":false,"userAgent":"Mozilla/5.0 (Unknown; Linux x86_64) AppleWebKit/538.1 (KHTML, like Gecko) PhantomJS/2.1.1 Safari/538.1","webSecurityEnabled":true}
[INFO  - 2017-06-21T07:44:24.640Z] Session [7234c7c0-5655-11e7-b47c-87a7ced9d50f] - page.customHeaders:  - {}
[INFO  - 2017-06-21T07:44:24.640Z] Session [7234c7c0-5655-11e7-b47c-87a7ced9d50f] - Session.negotiatedCapabilities - {"browserName":"phantomjs","version":"2.1.1","driverName":"ghostdriver","driverVersion":"1.2.0","platform":"linux-unknown-64bit","javascriptEnabled":true,"takesScreenshot":true,"handlesAlerts":false,"databaseEnabled":false,"locationContextEnabled":false,"applicationCacheEnabled":false,"browserConnectionEnabled":false,"cssSelectorsEnabled":true,"webStorageEnabled":false,"rotatable":false,"acceptSslCerts":false,"nativeEvents":true,"proxy":{"proxyType":"direct"}}
[INFO  - 2017-06-21T07:44:24.640Z] SessionManagerReqHand - _postNewSessionCommand - New Session Created: 7234c7c0-5655-11e7-b47c-87a7ced9d50f
[INFO  - 2017-06-21T07:44:25.994Z] ShutdownReqHand - _handle - About to shutdown
[INFO  - 2017-06-21T07:59:52.395Z] GhostDriver - Main - running on port 22946
[INFO  - 2017-06-21T07:59:52.694Z] Session [9b5e9520-5657-11e7-b2a5-a57f5b83e980] - page.settings - {"XSSAuditingEnabled":false,"javascriptCanCloseWindows":true,"javascriptCanOpenWindows":true,"javascriptEnabled":true,"loadImages":true,"localToRemoteUrlAccessEnabled":false,"userAgent":"Mozilla/5.0 (Unknown; Linux x86_64) AppleWebKit/538.1 (KHTML, like Gecko) PhantomJS/2.1.1 Safari/538.1","webSecurityEnabled":true}
[INFO  - 2017-06-21T07:59:52.694Z] Session [9b5e9520-5657-11e7-b2a5-a57f5b83e980] - page.customHeaders:  - {}
[INFO  - 2017-06-21T07:59:52.694Z] Session [9b5e9520-5657-11e7-b2a5-a57f5b83e980] - Session.negotiatedCapabilities - {"browserName":"phantomjs","version":"2.1.1","driverName":"ghostdriver","driverVersion":"1.2.0","platform":"linux-unknown-64bit","javascriptEnabled":true,"takesScreenshot":true,"handlesAlerts":false,"databaseEnabled":false,"locationContextEnabled":false,"applicationCacheEnabled":false,"browserConnectionEnabled":false,"cssSelectorsEnabled":true,"webStorageEnabled":false,"rotatable":false,"acceptSslCerts":false,"nativeEvents":true,"proxy":{"proxyType":"direct"}}
[INFO  - 2017-06-21T07:59:52.694Z] SessionManagerReqHand - _postNewSessionCommand - New Session Created: 9b5e9520-5657-11e7-b2a5-a57f5b83e980
[INFO  - 2017-06-21T07:59:57.831Z] ShutdownReqHand - _handle - About to shutdown
[INFO  - 2017-06-21T08:23:20.500Z] GhostDriver - Main - running on port 26332
[INFO  - 2017-06-21T08:23:20.990Z] Session [e2c73180-565a-11e7-bf78-c9dfe437845d] - page.settings - {"XSSAuditingEnabled":false,"javascriptCanCloseWindows":true,"javascriptCanOpenWindows":true,"javascriptEnabled":true,"loadImages":true,"localToRemoteUrlAccessEnabled":false,"userAgent":"Mozilla/5.0 (Unknown; Linux x86_64) AppleWebKit/538.1 (KHTML, like Gecko) PhantomJS/2.1.1 Safari/538.1","webSecurityEnabled":true}
[INFO  - 2017-06-21T08:23:20.991Z] Session [e2c73180-565a-11e7-bf78-c9dfe437845d] - page.customHeaders:  - {}
[INFO  - 2017-06-21T08:23:20.991Z] Session [e2c73180-565a-11e7-bf78-c9dfe437845d] - Session.negotiatedCapabilities - {"browserName":"phantomjs","version":"2.1.1","driverName":"ghostdriver","driverVersion":"1.2.0","platform":"linux-unknown-64bit","javascriptEnabled":true,"takesScreenshot":true,"handlesAlerts":false,"databaseEnabled":false,"locationContextEnabled":false,"applicationCacheEnabled":false,"browserConnectionEnabled":false,"cssSelectorsEnabled":true,"webStorageEnabled":false,"rotatable":false,"acceptSslCerts":false,"nativeEvents":true,"proxy":{"proxyType":"direct"}}
[INFO  - 2017-06-21T08:23:20.991Z] SessionManagerReqHand - _postNewSessionCommand - New Session Created: e2c73180-565a-11e7-bf78-c9dfe437845d
[INFO  - 2017-06-21T08:23:25.411Z] ShutdownReqHand - _handle - About to shutdown
[INFO  - 2017-06-21T08:24:46.483Z] GhostDriver - Main - running on port 31673
[INFO  - 2017-06-21T08:24:46.783Z] Session [15ea78b0-565b-11e7-b6e5-3f67da5207c3] - page.settings - {"XSSAuditingEnabled":false,"javascriptCanCloseWindows":true,"javascriptCanOpenWindows":true,"javascriptEnabled":true,"loadImages":true,"localToRemoteUrlAccessEnabled":false,"userAgent":"Mozilla/5.0 (Unknown; Linux x86_64) AppleWebKit/538.1 (KHTML, like Gecko) PhantomJS/2.1.1 Safari/538.1","webSecurityEnabled":true}
[INFO  - 2017-06-21T08:24:46.784Z] Session [15ea78b0-565b-11e7-b6e5-3f67da5207c3] - page.customHeaders:  - {}
[INFO  - 2017-06-21T08:24:46.784Z] Session [15ea78b0-565b-11e7-b6e5-3f67da5207c3] - Session.negotiatedCapabilities - {"browserName":"phantomjs","version":"2.1.1","driverName":"ghostdriver","driverVersion":"1.2.0","platform":"linux-unknown-64bit","javascriptEnabled":true,"takesScreenshot":true,"handlesAlerts":false,"databaseEnabled":false,"locationContextEnabled":false,"applicationCacheEnabled":false,"browserConnectionEnabled":false,"cssSelectorsEnabled":true,"webStorageEnabled":false,"rotatable":false,"acceptSslCerts":false,"nativeEvents":true,"proxy":{"proxyType":"direct"}}
[INFO  - 2017-06-21T08:24:46.784Z] SessionManagerReqHand - _postNewSessionCommand - New Session Created: 15ea78b0-565b-11e7-b6e5-3f67da5207c3
[INFO  - 2017-06-21T08:24:51.332Z] ShutdownReqHand - _handle - About to shutdown
[INFO  - 2017-06-21T08:27:17.452Z] GhostDriver - Main - running on port 30419
[INFO  - 2017-06-21T08:27:17.727Z] Session [6fe2b2b0-565b-11e7-af3f-89b9060e088c] - page.settings - {"XSSAuditingEnabled":false,"javascriptCanCloseWindows":true,"javascriptCanOpenWindows":true,"javascriptEnabled":true,"loadImages":true,"localToRemoteUrlAccessEnabled":false,"userAgent":"Mozilla/5.0 (Unknown; Linux x86_64) AppleWebKit/538.1 (KHTML, like Gecko) PhantomJS/2.1.1 Safari/538.1","webSecurityEnabled":true}
[INFO  - 2017-06-21T08:27:17.727Z] Session [6fe2b2b0-565b-11e7-af3f-89b9060e088c] - page.customHeaders:  - {}
[INFO  - 2017-06-21T08:27:17.727Z] Session [6fe2b2b0-565b-11e7-af3f-89b9060e088c] - Session.negotiatedCapabilities - {"browserName":"phantomjs","version":"2.1.1","driverName":"ghostdriver","driverVersion":"1.2.0","platform":"linux-unknown-64bit","javascriptEnabled":true,"takesScreenshot":true,"handlesAlerts":false,"databaseEnabled":false,"locationContextEnabled":false,"applicationCacheEnabled":false,"browserConnectionEnabled":false,"cssSelectorsEnabled":true,"webStorageEnabled":false,"rotatable":false,"acceptSslCerts":false,"nativeEvents":true,"proxy":{"proxyType":"direct"}}
[INFO  - 2017-06-21T08:27:17.728Z] SessionManagerReqHand - _postNewSessionCommand - New Session Created: 6fe2b2b0-565b-11e7-af3f-89b9060e088c
[INFO  - 2017-06-21T08:27:20.922Z] ShutdownReqHand - _handle - About to shutdown
[INFO  - 2017-06-21T08:28:42.087Z] GhostDriver - Main - running on port 18655
[INFO  - 2017-06-21T08:28:42.322Z] Session [a24edee0-565b-11e7-9c9c-cdbfe9fa75a1] - page.settings - {"XSSAuditingEnabled":false,"javascriptCanCloseWindows":true,"javascriptCanOpenWindows":true,"javascriptEnabled":true,"loadImages":true,"localToRemoteUrlAccessEnabled":false,"userAgent":"Mozilla/5.0 (Unknown; Linux x86_64) AppleWebKit/538.1 (KHTML, like Gecko) PhantomJS/2.1.1 Safari/538.1","webSecurityEnabled":true}
[INFO  - 2017-06-21T08:28:42.322Z] Session [a24edee0-565b-11e7-9c9c-cdbfe9fa75a1] - page.customHeaders:  - {}
[INFO  - 2017-06-21T08:28:42.322Z] Session [a24edee0-565b-11e7-9c9c-cdbfe9fa75a1] - Session.negotiatedCapabilities - {"browserName":"phantomjs","version":"2.1.1","driverName":"ghostdriver","driverVersion":"1.2.0","platform":"linux-unknown-64bit","javascriptEnabled":true,"takesScreenshot":true,"handlesAlerts":false,"databaseEnabled":false,"locationContextEnabled":false,"applicationCacheEnabled":false,"browserConnectionEnabled":false,"cssSelectorsEnabled":true,"webStorageEnabled":false,"rotatable":false,"acceptSslCerts":false,"nativeEvents":true,"proxy":{"proxyType":"direct"}}
[INFO  - 2017-06-21T08:28:42.323Z] SessionManagerReqHand - _postNewSessionCommand - New Session Created: a24edee0-565b-11e7-9c9c-cdbfe9fa75a1
[INFO  - 2017-06-21T08:28:46.601Z] ShutdownReqHand - _handle - About to shutdown
[INFO  - 2017-06-21T08:29:38.746Z] GhostDriver - Main - running on port 23307
[INFO  - 2017-06-21T08:29:38.970Z] Session [c412d270-565b-11e7-900e-3f1127aaa151] - page.settings - {"XSSAuditingEnabled":false,"javascriptCanCloseWindows":true,"javascriptCanOpenWindows":true,"javascriptEnabled":true,"loadImages":true,"localToRemoteUrlAccessEnabled":false,"userAgent":"Mozilla/5.0 (Unknown; Linux x86_64) AppleWebKit/538.1 (KHTML, like Gecko) PhantomJS/2.1.1 Safari/538.1","webSecurityEnabled":true}
[INFO  - 2017-06-21T08:29:38.970Z] Session [c412d270-565b-11e7-900e-3f1127aaa151] - page.customHeaders:  - {}
[INFO  - 2017-06-21T08:29:38.970Z] Session [c412d270-565b-11e7-900e-3f1127aaa151] - Session.negotiatedCapabilities - {"browserName":"phantomjs","version":"2.1.1","driverName":"ghostdriver","driverVersion":"1.2.0","platform":"linux-unknown-64bit","javascriptEnabled":true,"takesScreenshot":true,"handlesAlerts":false,"databaseEnabled":false,"locationContextEnabled":false,"applicationCacheEnabled":false,"browserConnectionEnabled":false,"cssSelectorsEnabled":true,"webStorageEnabled":false,"rotatable":false,"acceptSslCerts":false,"nativeEvents":true,"proxy":{"proxyType":"direct"}}
[INFO  - 2017-06-21T08:29:38.970Z] SessionManagerReqHand - _postNewSessionCommand - New Session Created: c412d270-565b-11e7-900e-3f1127aaa151
[INFO  - 2017-06-21T08:29:42.336Z] ShutdownReqHand - _handle - About to shutdown
